<?xml version="1.0" encoding="UTF-8"?>
<testng-results ignored="0" total="1" passed="0" failed="1" skipped="0">
  <reporter-output>
  </reporter-output>
  <suite started-at="2023-08-30T16:28:58 CLT" name="Sample Test Suite" finished-at="2023-08-30T16:29:57 CLT" duration-ms="59149">
    <groups>
    </groups>
    <test started-at="2023-08-30T16:28:58 CLT" name="[Nombre Proyecto]" finished-at="2023-08-30T16:29:57 CLT" duration-ms="59149">
      <class name="test.java.main.PostulacionSocioTests">
        <test-method is-config="true" signature="beforeTestMethod(java.lang.String)[pri:0, instance:test.java.main.GoogleTests@1c742ed4]" started-at="2023-08-30T16:28:58 CLT" name="beforeTestMethod" description="Se configura el controlador y el navegador" finished-at="2023-08-30T16:29:02 CLT" duration-ms="4534" status="PASS">
          <params>
            <param index="0">
              <value>
                <![CDATA[chrome]]>
              </value>
            </param>
          </params>
          <reporter-output>
          </reporter-output>
        </test-method> <!-- beforeTestMethod -->
        <test-method is-config="true" signature="beforeMethod(java.lang.reflect.Method,org.testng.ITestResult)[pri:0, instance:test.java.main.GoogleTests@1c742ed4]" started-at="2023-08-30T16:29:03 CLT" name="beforeMethod" description="Se configura el reporte de pruebas" finished-at="2023-08-30T16:29:03 CLT" duration-ms="405" status="PASS">
          <params>
            <param index="0">
              <value>
                  <![CDATA[public void test.java.main.PostulacionSocioTests.obtenerSegundoResultado()]]>
              </value>
            </param>
            <param index="1">
              <value>
                <![CDATA[[TestResult name={null} status=CREATED method=GoogleTests.obtenerSegundoResultado()[pri:1, instance:test.java.main.GoogleTests@1c742ed4] output={null}]]]>
              </value>
            </param>
          </params>
          <reporter-output>
          </reporter-output>
        </test-method> <!-- beforeMethod -->
        <test-method signature="obtenerSegundoResultado()[pri:1, instance:test.java.main.GoogleTests@1c742ed4]" started-at="2023-08-30T16:29:03 CLT" name="obtenerSegundoResultado" finished-at="2023-08-30T16:29:56 CLT" duration-ms="52983" status="FAIL">
          <exception class="java.lang.AssertionError">
            <message>
              <![CDATA[null]]>
            </message>
            <full-stacktrace>
                <![CDATA[java.lang.AssertionError: null
at org.testng.Assert.fail(Assert.java:99)
at org.testng.Assert.fail(Assert.java:106)
at main.java.config.Utils.eventFailed(Utils.java:109)
at main.java.utils.Events.getElementList(Events.java:122)
at main.java.pageEvents.ResultsEvents.resultVerify(ResultsEvents.java:24)
at main.java.pageSteps.ResultsSteps.getResult(ResultsSteps.java:12)
at test.java.main.PostulacionSocioTests.obtenerSegundoResultado(GoogleTests.java:18)
at java.base/jdk.internal.reflect.NativeMethodAccessorImpl.invoke0(Native Method)
at java.base/jdk.internal.reflect.NativeMethodAccessorImpl.invoke(NativeMethodAccessorImpl.java:64)
at java.base/jdk.internal.reflect.DelegatingMethodAccessorImpl.invoke(DelegatingMethodAccessorImpl.java:43)
at java.base/java.lang.reflect.Method.invoke(Method.java:564)
at org.testng.internal.MethodInvocationHelper.invokeMethod(MethodInvocationHelper.java:133)
at org.testng.internal.TestInvoker.invokeMethod(TestInvoker.java:598)
at org.testng.internal.TestInvoker.invokeTestMethod(TestInvoker.java:173)
at org.testng.internal.MethodRunner.runInSequence(MethodRunner.java:46)
at org.testng.internal.TestInvoker$MethodInvocationAgent.invoke(TestInvoker.java:824)
at org.testng.internal.TestInvoker.invokeTestMethods(TestInvoker.java:146)
at org.testng.internal.TestMethodWorker.invokeTestMethods(TestMethodWorker.java:146)
at org.testng.internal.TestMethodWorker.run(TestMethodWorker.java:128)
at java.base/java.util.ArrayList.forEach(ArrayList.java:1511)
at org.testng.TestRunner.privateRun(TestRunner.java:794)
at org.testng.TestRunner.run(TestRunner.java:596)
at org.testng.SuiteRunner.runTest(SuiteRunner.java:377)
at org.testng.SuiteRunner.runSequentially(SuiteRunner.java:371)
at org.testng.SuiteRunner.privateRun(SuiteRunner.java:332)
at org.testng.SuiteRunner.run(SuiteRunner.java:276)
at org.testng.SuiteRunnerWorker.runSuite(SuiteRunnerWorker.java:53)
at org.testng.SuiteRunnerWorker.run(SuiteRunnerWorker.java:96)
at org.testng.TestNG.runSuitesSequentially(TestNG.java:1212)
at org.testng.TestNG.runSuitesLocally(TestNG.java:1134)
at org.testng.TestNG.runSuites(TestNG.java:1063)
at org.testng.TestNG.run(TestNG.java:1031)
at org.testng.remote.AbstractRemoteTestNG.run(AbstractRemoteTestNG.java:115)
at org.testng.remote.RemoteTestNG.initAndRun(RemoteTestNG.java:251)
at org.testng.remote.RemoteTestNG.main(RemoteTestNG.java:77)
]]>
            </full-stacktrace>
          </exception> <!-- java.lang.AssertionError -->
          <reporter-output>
          </reporter-output>
        </test-method> <!-- obtenerSegundoResultado -->
        <test-method is-config="true" signature="afterMethod(org.testng.ITestResult)[pri:0, instance:test.java.main.GoogleTests@1c742ed4]" started-at="2023-08-30T16:29:56 CLT" name="afterMethod" finished-at="2023-08-30T16:29:57 CLT" duration-ms="884" status="PASS">
          <params>
            <param index="0">
              <value>
                <![CDATA[[TestResult name=obtenerSegundoResultado status=FAILURE method=GoogleTests.obtenerSegundoResultado()[pri:1, instance:test.java.main.GoogleTests@1c742ed4] output={null}]]]>
              </value>
            </param>
          </params>
          <reporter-output>
          </reporter-output>
        </test-method> <!-- afterMethod -->
        <test-method is-config="true" signature="afterTest()[pri:0, instance:test.java.main.GoogleTests@1c742ed4]" started-at="2023-08-30T16:29:57 CLT" name="afterTest" finished-at="2023-08-30T16:29:57 CLT" duration-ms="297" status="PASS">
          <reporter-output>
          </reporter-output>
        </test-method> <!-- afterTest -->
      </class> <!-- test.java.main.PostulacionSocioTestsSocioTests -->
    </test> <!-- [Nombre Proyecto] -->
  </suite> <!-- Sample Test Suite -->
</testng-results>
